Downloading Chromium 140.0.7339.16 (playwright build v1187)[2m from https://cdn.playwright.dev/dbazure/download/playwright/builds/chromium/1187/chromium-linux.zip[22m
|                                                                                |   0% of 173.7 MiB
|■■■■■■■■                                                                        |  10% of 173.7 MiB
|■■■■■■■■■■■■■■■■                                                                |  20% of 173.7 MiB
|■■■■■■■■■■■■■■■■■■■■■■■■                                                        |  30% of 173.7 MiB
|■■■■■■■■■■■■■■■■■■■■■■■■■■■■■■■■                                                |  40% of 173.7 MiB
|■■■■■■■■■■■■■■■■■■■■■■■■■■■■■■■■■■■■■■■■                                        |  50% of 173.7 MiB
|■■■■■■■■■■■■■■■■■■■■■■■■■■■■■■■■■■■■■■■■■■■■■■■■                                |  60% of 173.7 MiB
|■■■■■■■■■■■■■■■■■■■■■■■■■■■■■■■■■■■■■■■■■■■■■■■■■■■■■■■■                        |  70% of 173.7 MiB
|■■■■■■■■■■■■■■■■■■■■■■■■■■■■■■■■■■■■■■■■■■■■■■■■■■■■■■■■■■■■■■■■                |  80% of 173.7 MiB
|■■■■■■■■■■■■■■■■■■■■■■■■■■■■■■■■■■■■■■■■■■■■■■■■■■■■■■■■■■■■■■■■■■■■■■■■        |  90% of 173.7 MiB
|■■■■■■■■■■■■■■■■■■■■■■■■■■■■■■■■■■■■■■■■■■■■■■■■■■■■■■■■■■■■■■■■■■■■■■■■■■■■■■■■| 100% of 173.7 MiB
Chromium 140.0.7339.16 (playwright build v1187) downloaded to /root/.cache/ms-playwright/chromium-1187
Downloading Chromium Headless Shell 140.0.7339.16 (playwright build v1187)[2m from https://cdn.playwright.dev/dbazure/download/playwright/builds/chromium/1187/chromium-headless-shell-linux.zip[22m
|                                                                                |   0% of 104.3 MiB
|■■■■■■■■                                                                        |  10% of 104.3 MiB
|■■■■■■■■■■■■■■■■                                                                |  20% of 104.3 MiB
|■■■■■■■■■■■■■■■■■■■■■■■■                                                        |  30% of 104.3 MiB
|■■■■■■■■■■■■■■■■■■■■■■■■■■■■■■■■                                                |  40% of 104.3 MiB
|■■■■■■■■■■■■■■■■■■■■■■■■■■■■■■■■■■■■■■■■                                        |  50% of 104.3 MiB
|■■■■■■■■■■■■■■■■■■■■■■■■■■■■■■■■■■■■■■■■■■■■■■■■                                |  60% of 104.3 MiB
|■■■■■■■■■■■■■■■■■■■■■■■■■■■■■■■■■■■■■■■■■■■■■■■■■■■■■■■■                        |  70% of 104.3 MiB
|■■■■■■■■■■■■■■■■■■■■■■■■■■■■■■■■■■■■■■■■■■■■■■■■■■■■■■■■■■■■■■■■                |  80% of 104.3 MiB
|■■■■■■■■■■■■■■■■■■■■■■■■■■■■■■■■■■■■■■■■■■■■■■■■■■■■■■■■■■■■■■■■■■■■■■■■        |  90% of 104.3 MiB
|■■■■■■■■■■■■■■■■■■■■■■■■■■■■■■■■■■■■■■■■■■■■■■■■■■■■■■■■■■■■■■■■■■■■■■■■■■■■■■■■| 100% of 104.3 MiB
Chromium Headless Shell 140.0.7339.16 (playwright build v1187) downloaded to /root/.cache/ms-playwright/chromium_headless_shell-1187
Downloading Firefox 141.0 (playwright build v1490)[2m from https://cdn.playwright.dev/dbazure/download/playwright/builds/firefox/1490/firefox-ubuntu-24.04.zip[22m
|                                                                                |   0% of 96 MiB
|■■■■■■■■                                                                        |  10% of 96 MiB
|■■■■■■■■■■■■■■■■                                                                |  20% of 96 MiB
|■■■■■■■■■■■■■■■■■■■■■■■■                                                        |  30% of 96 MiB
|■■■■■■■■■■■■■■■■■■■■■■■■■■■■■■■■                                                |  40% of 96 MiB
|■■■■■■■■■■■■■■■■■■■■■■■■■■■■■■■■■■■■■■■■                                        |  50% of 96 MiB
|■■■■■■■■■■■■■■■■■■■■■■■■■■■■■■■■■■■■■■■■■■■■■■■■                                |  60% of 96 MiB
|■■■■■■■■■■■■■■■■■■■■■■■■■■■■■■■■■■■■■■■■■■■■■■■■■■■■■■■■                        |  70% of 96 MiB
|■■■■■■■■■■■■■■■■■■■■■■■■■■■■■■■■■■■■■■■■■■■■■■■■■■■■■■■■■■■■■■■■                |  80% of 96 MiB
|■■■■■■■■■■■■■■■■■■■■■■■■■■■■■■■■■■■■■■■■■■■■■■■■■■■■■■■■■■■■■■■■■■■■■■■■        |  90% of 96 MiB
|■■■■■■■■■■■■■■■■■■■■■■■■■■■■■■■■■■■■■■■■■■■■■■■■■■■■■■■■■■■■■■■■■■■■■■■■■■■■■■■■| 100% of 96 MiB
Firefox 141.0 (playwright build v1490) downloaded to /root/.cache/ms-playwright/firefox-1490
Downloading Webkit 26.0 (playwright build v2203)[2m from https://cdn.playwright.dev/dbazure/download/playwright/builds/webkit/2203/webkit-ubuntu-24.04.zip[22m
|                                                                                |   0% of 94.2 MiB
|■■■■■■■■                                                                        |  10% of 94.2 MiB
|■■■■■■■■■■■■■■■■                                                                |  20% of 94.2 MiB
|■■■■■■■■■■■■■■■■■■■■■■■■                                                        |  30% of 94.2 MiB
|■■■■■■■■■■■■■■■■■■■■■■■■■■■■■■■■                                                |  40% of 94.2 MiB
|■■■■■■■■■■■■■■■■■■■■■■■■■■■■■■■■■■■■■■■■                                        |  50% of 94.2 MiB
|■■■■■■■■■■■■■■■■■■■■■■■■■■■■■■■■■■■■■■■■■■■■■■■■                                |  60% of 94.2 MiB
|■■■■■■■■■■■■■■■■■■■■■■■■■■■■■■■■■■■■■■■■■■■■■■■■■■■■■■■■                        |  70% of 94.2 MiB
|■■■■■■■■■■■■■■■■■■■■■■■■■■■■■■■■■■■■■■■■■■■■■■■■■■■■■■■■■■■■■■■■                |  80% of 94.2 MiB
|■■■■■■■■■■■■■■■■■■■■■■■■■■■■■■■■■■■■■■■■■■■■■■■■■■■■■■■■■■■■■■■■■■■■■■■■        |  90% of 94.2 MiB
|■■■■■■■■■■■■■■■■■■■■■■■■■■■■■■■■■■■■■■■■■■■■■■■■■■■■■■■■■■■■■■■■■■■■■■■■■■■■■■■■| 100% of 94.2 MiB
Webkit 26.0 (playwright build v2203) downloaded to /root/.cache/ms-playwright/webkit-2203
Downloading FFMPEG playwright build v1011[2m from https://cdn.playwright.dev/dbazure/download/playwright/builds/ffmpeg/1011/ffmpeg-linux.zip[22m
|                                                                                |   0% of 2.3 MiB
|■■■■■■■■                                                                        |  10% of 2.3 MiB
|■■■■■■■■■■■■■■■■                                                                |  20% of 2.3 MiB
|■■■■■■■■■■■■■■■■■■■■■■■■                                                        |  30% of 2.3 MiB
|■■■■■■■■■■■■■■■■■■■■■■■■■■■■■■■■                                                |  40% of 2.3 MiB
|■■■■■■■■■■■■■■■■■■■■■■■■■■■■■■■■■■■■■■■■                                        |  50% of 2.3 MiB
|■■■■■■■■■■■■■■■■■■■■■■■■■■■■■■■■■■■■■■■■■■■■■■■■                                |  60% of 2.3 MiB
|■■■■■■■■■■■■■■■■■■■■■■■■■■■■■■■■■■■■■■■■■■■■■■■■■■■■■■■■                        |  70% of 2.3 MiB
|■■■■■■■■■■■■■■■■■■■■■■■■■■■■■■■■■■■■■■■■■■■■■■■■■■■■■■■■■■■■■■■■                |  80% of 2.3 MiB
|■■■■■■■■■■■■■■■■■■■■■■■■■■■■■■■■■■■■■■■■■■■■■■■■■■■■■■■■■■■■■■■■■■■■■■■■        |  90% of 2.3 MiB
|■■■■■■■■■■■■■■■■■■■■■■■■■■■■■■■■■■■■■■■■■■■■■■■■■■■■■■■■■■■■■■■■■■■■■■■■■■■■■■■■| 100% of 2.3 MiB
FFMPEG playwright build v1011 downloaded to /root/.cache/ms-playwright/ffmpeg-1011
