 WARN  Moving @babel/core that was installed by a different package manager to "node_modules/.ignored"
 WARN  Moving @types/jest that was installed by a different package manager to "node_modules/.ignored"
 WARN  Moving @types/react that was installed by a different package manager to "node_modules/.ignored"
 WARN  Moving @types/react-native-calendar-picker that was installed by a different package manager to "node_modules/.ignored"
 WARN  Moving @types/react-test-renderer that was installed by a different package manager to "node_modules/.ignored"
 WARN  Moving babel-plugin-module-resolver that was installed by a different package manager to "node_modules/.ignored"
 WARN  Moving eslint that was installed by a different package manager to "node_modules/.ignored"
 WARN  Moving eslint-config-expo that was installed by a different package manager to "node_modules/.ignored"
 WARN  Moving jest that was installed by a different package manager to "node_modules/.ignored"
 WARN  Moving jest-expo that was installed by a different package manager to "node_modules/.ignored"
 WARN  Moving react-native-svg-transformer that was installed by a different package manager to "node_modules/.ignored"
 WARN  Moving react-test-renderer that was installed by a different package manager to "node_modules/.ignored"
 WARN  Moving typescript that was installed by a different package manager to "node_modules/.ignored"
 WARN  Moving @appandflow/react-native-google-autocomplete that was installed by a different package manager to "node_modules/.ignored"
 WARN  Moving @expo/vector-icons that was installed by a different package manager to "node_modules/.ignored"
 WARN  Moving @google/generative-ai that was installed by a different package manager to "node_modules/.ignored"
 WARN  Moving @react-native-async-storage/async-storage that was installed by a different package manager to "node_modules/.ignored"
 WARN  Moving @react-navigation/native that was installed by a different package manager to "node_modules/.ignored"
 WARN  Moving @react-navigation/stack that was installed by a different package manager to "node_modules/.ignored"
 WARN  Moving date-fns that was installed by a different package manager to "node_modules/.ignored"
 WARN  Moving expo that was installed by a different package manager to "node_modules/.ignored"
 WARN  Moving expo-auth-session that was installed by a different package manager to "node_modules/.ignored"
 WARN  Moving expo-background-fetch that was installed by a different package manager to "node_modules/.ignored"
 WARN  Moving expo-background-task that was installed by a different package manager to "node_modules/.ignored"
 WARN  Moving expo-constants that was installed by a different package manager to "node_modules/.ignored"
 WARN  Moving expo-dev-client that was installed by a different package manager to "node_modules/.ignored"
 WARN  Moving expo-font that was installed by a different package manager to "node_modules/.ignored"
 WARN  Moving expo-linking that was installed by a different package manager to "node_modules/.ignored"
 WARN  Moving expo-location that was installed by a different package manager to "node_modules/.ignored"
 WARN  Moving expo-notifications that was installed by a different package manager to "node_modules/.ignored"
 WARN  Moving expo-random that was installed by a different package manager to "node_modules/.ignored"
 WARN  Moving expo-router that was installed by a different package manager to "node_modules/.ignored"
 WARN  Moving expo-status-bar that was installed by a different package manager to "node_modules/.ignored"
 WARN  Moving expo-splash-screen that was installed by a different package manager to "node_modules/.ignored"
 WARN  Moving expo-system-ui that was installed by a different package manager to "node_modules/.ignored"
 WARN  Moving expo-task-manager that was installed by a different package manager to "node_modules/.ignored"
 WARN  Moving expo-web-browser that was installed by a different package manager to "node_modules/.ignored"
 WARN  Moving firebase that was installed by a different package manager to "node_modules/.ignored"
 WARN  Moving json5 that was installed by a different package manager to "node_modules/.ignored"
 WARN  Moving moment that was installed by a different package manager to "node_modules/.ignored"
 WARN  Moving nativewind that was installed by a different package manager to "node_modules/.ignored"
 WARN  Moving react that was installed by a different package manager to "node_modules/.ignored"
 WARN  Moving react-dom that was installed by a different package manager to "node_modules/.ignored"
 WARN  Moving react-native that was installed by a different package manager to "node_modules/.ignored"
 WARN  Moving react-native-calendar-picker that was installed by a different package manager to "node_modules/.ignored"
 WARN  Moving react-native-gesture-handler that was installed by a different package manager to "node_modules/.ignored"
 WARN  Moving react-native-get-random-values that was installed by a different package manager to "node_modules/.ignored"
 WARN  Moving react-native-google-places-autocomplete that was installed by a different package manager to "node_modules/.ignored"
 WARN  Moving react-native-reanimated that was installed by a different package manager to "node_modules/.ignored"
 WARN  Moving react-native-safe-area-context that was installed by a different package manager to "node_modules/.ignored"
 WARN  Moving react-native-screens that was installed by a different package manager to "node_modules/.ignored"
 WARN  Moving react-native-svg that was installed by a different package manager to "node_modules/.ignored"
 WARN  Moving react-native-swiper that was installed by a different package manager to "node_modules/.ignored"
 WARN  Moving setimmediate that was installed by a different package manager to "node_modules/.ignored"
 WARN  Moving react-native-web that was installed by a different package manager to "node_modules/.ignored"
 WARN  Moving stripe that was installed by a different package manager to "node_modules/.ignored"
 WARN  Moving tailwindcss that was installed by a different package manager to "node_modules/.ignored"

   ╭───────────────────────────────────────────────╮
   │                                               │
   │     Update available! 10.11.0 → 10.15.1.      │
   │     Changelog: https://pnpm.io/v/10.15.1      │
   │   To update, run: corepack use pnpm@10.15.1   │
   │                                               │
   ╰───────────────────────────────────────────────╯

Progress: resolved 1, reused 0, downloaded 0, added 0
Progress: resolved 29, reused 0, downloaded 23, added 0
 WARN  deprecated expo-random@14.0.1: This package is now deprecated in favor of expo-crypto, which provides the same functionality. To migrate, replace all imports from expo-random with imports from expo-crypto.
Progress: resolved 44, reused 0, downloaded 36, added 0
Progress: resolved 57, reused 0, downloaded 54, added 0
Progress: resolved 74, reused 0, downloaded 60, added 0
Progress: resolved 126, reused 0, downloaded 116, added 0
Progress: resolved 166, reused 0, downloaded 152, added 0
Progress: resolved 208, reused 0, downloaded 192, added 0
Progress: resolved 246, reused 0, downloaded 232, added 0
Progress: resolved 253, reused 0, downloaded 239, added 0
Progress: resolved 261, reused 0, downloaded 243, added 0
Progress: resolved 274, reused 0, downloaded 255, added 0
Progress: resolved 304, reused 0, downloaded 280, added 0
Progress: resolved 350, reused 0, downloaded 327, added 0
Progress: resolved 425, reused 0, downloaded 394, added 0
Progress: resolved 484, reused 0, downloaded 450, added 0
Progress: resolved 530, reused 0, downloaded 497, added 0
Progress: resolved 585, reused 0, downloaded 542, added 0
Progress: resolved 646, reused 0, downloaded 604, added 0
Progress: resolved 660, reused 0, downloaded 618, added 0
Progress: resolved 667, reused 0, downloaded 624, added 0
Progress: resolved 689, reused 0, downloaded 641, added 0
Progress: resolved 729, reused 0, downloaded 680, added 0
Progress: resolved 786, reused 0, downloaded 731, added 0
Progress: resolved 854, reused 0, downloaded 794, added 0
Progress: resolved 923, reused 0, downloaded 852, added 0
Progress: resolved 1004, reused 0, downloaded 925, added 0
Progress: resolved 1081, reused 0, downloaded 971, added 0
Progress: resolved 1145, reused 0, downloaded 1036, added 0
Progress: resolved 1223, reused 0, downloaded 1110, added 0
Progress: resolved 1292, reused 0, downloaded 1174, added 0
Progress: resolved 1328, reused 0, downloaded 1250, added 0
Progress: resolved 1362, reused 0, downloaded 1300, added 0
 WARN  9 deprecated subdependencies found: abab@2.0.6, core-js@1.2.7, domexception@4.0.0, glob@6.0.4, glob@7.2.3, glob@8.1.0, inflight@1.0.6, rimraf@2.4.5, rimraf@3.0.2
Packages: +1326
++++++++++++++++++++++++++++++++++++++++++++++++++++++++++++++++++++++++++++++++
Progress: resolved 1365, reused 0, downloaded 1330, added 210
Progress: resolved 1365, reused 0, downloaded 1330, added 1326, done
 WARN  Issues with peer dependencies found
.
└─┬ firebase 11.10.0
  └─┬ @firebase/auth-compat 0.5.28
    └─┬ @firebase/auth 1.10.8
      └── ✕ unmet peer @react-native-async-storage/async-storage@^1.18.1: found 2.1.2

dependencies:
+ @appandflow/react-native-google-autocomplete 2.1.0
+ @expo/vector-icons 14.1.0 (15.0.2 is available)
+ @google/generative-ai 0.21.0 (0.24.1 is available)
+ @react-native-async-storage/async-storage 2.1.2 (2.2.0 is available)
+ @react-navigation/native 7.1.17
+ @react-navigation/stack 7.4.8
+ date-fns 4.1.0
+ expo 53.0.22
+ expo-auth-session 6.2.1
+ expo-background-fetch 13.1.6
+ expo-background-task 0.2.8
+ expo-constants 17.1.7
+ expo-dev-client 5.2.4
+ expo-font 13.3.2
+ expo-linking 7.1.7
+ expo-location 18.1.6
+ expo-notifications 0.31.4
+ expo-random 14.0.1 deprecated
+ expo-router 5.1.5
+ expo-splash-screen 0.30.10
+ expo-status-bar 2.2.3
+ expo-system-ui 5.0.11
+ expo-task-manager 13.1.6
+ expo-web-browser 14.2.0
+ firebase 11.10.0 (12.2.1 is available)
+ json5 2.2.3
+ moment 2.30.1
+ nativewind 4.1.23
+ react 19.0.0 (19.1.1 is available)
+ react-dom 19.0.0 (19.1.1 is available)
+ react-native 0.79.5 (0.81.1 is available)
+ react-native-calendar-picker 8.0.5
+ react-native-gesture-handler 2.24.0 (2.28.0 is available)
+ react-native-get-random-values 1.11.0
+ react-native-google-places-autocomplete 2.5.7
+ react-native-reanimated 3.17.5 (4.1.0 is available)
+ react-native-safe-area-context 5.4.0 (5.6.1 is available)
+ react-native-screens 4.11.1 (4.15.4 is available)
+ react-native-svg 15.11.2 (15.12.1 is available)
+ react-native-swiper 1.6.0
+ react-native-web 0.20.0 (0.21.1 is available)
+ setimmediate 1.0.5
+ stripe 18.5.0
+ tailwindcss 3.4.17 (4.1.12 is available)

devDependencies:
+ @babel/core 7.28.3
+ @playwright/test 1.55.0
+ @types/jest 29.5.14 (30.0.0 is available)
+ @types/react 19.0.14 (19.1.12 is available)
+ @types/react-native-calendar-picker 8.0.0
+ @types/react-test-renderer 19.1.0
+ babel-plugin-module-resolver 5.0.2
+ detox 20.41.1
+ eslint 9.34.0
+ eslint-config-expo 9.2.0
+ jest 29.7.0 (30.1.3 is available)
+ jest-expo 53.0.10
+ react-native-svg-transformer 1.5.1
+ react-test-renderer 19.0.0 (19.1.1 is available)
+ ts-node 10.9.2
+ typescript 5.8.3 (5.9.2 is available)

╭ Warning ────────────────────────────────────────────────────────────────────────────────────────────────────────────────────╮
│                                                                                                                             │
│   Ignored build scripts: @firebase/util, detox, dtrace-provider, protobufjs, react-native-calendar-picker, unrs-resolver.   │
│   Run "pnpm approve-builds" to pick which dependencies should be allowed to run scripts.                                    │
│                                                                                                                             │
╰─────────────────────────────────────────────────────────────────────────────────────────────────────────────────────────────╯

Done in 38.7s using pnpm v10.11.0
